<?xml version="1.0" encoding="UTF-8"?>
<!-- Generated by org.testng.reporters.JUnitReportReporter -->
<testsuite hostname="SOVIT" failures="0" tests="2" name="com.tests.SubscriptionTest" time="4.285" errors="0" timestamp="2025-09-08T00:10:53 IST" skipped="0">
  <testcase classname="com.tests.SubscriptionTest" name="verifyHomePageIsVisible" time="0.013"/>
  <testcase classname="com.tests.SubscriptionTest" name="verifySubscriptionFunctionality" time="4.272"/>
</testsuite> <!-- com.tests.SubscriptionTest -->
