<?xml version="1.0" encoding="UTF-8"?>
<!-- Generated by org.testng.reporters.JUnitReportReporter -->
<testsuite hostname="SOVIT" failures="0" tests="3" name="com.tests.ExistingRegistrationTest" time="2.242" errors="0" timestamp="2025-09-08T00:10:53 IST" skipped="0">
  <testcase classname="com.tests.ExistingRegistrationTest" name="verifyHomePageVisible" time="0.010"/>
  <testcase classname="com.tests.ExistingRegistrationTest" name="clickSignupAndVerifyNewUserSignup" time="1.127"/>
  <testcase classname="com.tests.ExistingRegistrationTest" name="registerWithExistingEmailAndVerifyError" time="1.105"/>
</testsuite> <!-- com.tests.ExistingRegistrationTest -->
