<?xml version="1.0" encoding="UTF-8"?>
<!-- Generated by org.testng.reporters.JUnitReportReporter -->
<testsuite hostname="SOVIT" failures="0" tests="2" name="com.TestRunner.LoginRunner" time="7.645" errors="0" timestamp="2025-09-08T00:10:53 IST" skipped="0">
  <testcase classname="com.TestRunner.LoginRunner" name="runScenario" time="5.451"/>
  <testcase classname="com.TestRunner.LoginRunner" name="runScenario" time="2.194"/>
</testsuite> <!-- com.TestRunner.LoginRunner -->
