<?xml version="1.0" encoding="UTF-8"?>
<!-- Generated by org.testng.reporters.JUnitReportReporter -->
<testsuite hostname="SOVIT" failures="0" tests="2" name="com.tests.SubscriptionCartTest" time="5.702" errors="0" timestamp="2025-09-08T00:10:53 IST" skipped="0">
  <testcase classname="com.tests.SubscriptionCartTest" name="verifyHomePageIsVisible" time="0.010"/>
  <testcase classname="com.tests.SubscriptionCartTest" name="verifySubscriptionFlow" time="5.692"/>
</testsuite> <!-- com.tests.SubscriptionCartTest -->
