<?xml version="1.0" encoding="UTF-8"?>
<!-- Generated by org.testng.reporters.JUnitReportReporter -->
<testsuite hostname="SOVIT" failures="0" tests="2" name="com.tests.ContactUsFormTest" time="3.608" errors="0" timestamp="2025-09-08T00:10:53 IST" skipped="0">
  <testcase classname="com.tests.ContactUsFormTest" name="verifyHomePageIsVisible" time="0.012"/>
  <testcase classname="com.tests.ContactUsFormTest" name="testContactUsFormSubmission" time="3.596"/>
</testsuite> <!-- com.tests.ContactUsFormTest -->
